experiment,speakers,noise,samples,layer_size,accuracy,recall,fp_hour,duration_sec
p3_spk50_clean_smp5000_lay192,50,clean,5000,192,N/A,N/A,N/A,26
p3_spk50_clean_smp5000_lay128,50,clean,5000,128,N/A,N/A,N/A,120
p3_spk50_clean_smp5000_lay192,50,clean,5000,192,N/A,N/A,N/A,2
p3_spk50_clean_smp7500_lay128,50,clean,7500,128,N/A,N/A,N/A,2
p3_spk50_clean_smp7500_lay192,50,clean,7500,192,N/A,N/A,N/A,66
p3_spk50_clean_smp7500_lay128,50,clean,7500,128,N/A,N/A,N/A,201
p3_spk50_clean_smp7500_lay192,50,clean,7500,192,N/A,N/A,N/A,3
p3_spk50_clean_smp7500_lay128,50,clean,7500,128,N/A,N/A,N/A,213
p3_spk50_clean_smp7500_lay192,50,clean,7500,192,N/A,N/A,N/A,3
p3_spk50_noise_smp5000_lay128,50,noise,5000,128,N/A,N/A,N/A,45
p3_spk50_noise_smp5000_lay128,50,noise,5000,128,N/A,N/A,N/A,55
p3_spk50_clean_smp5000_lay192,50,clean,5000,192,0.8420000076293945,0.6869999766349792,0.9734513163566589,549
p3_spk50_clean_smp7500_lay128,50,clean,7500,128,0.8420000076293945,0.6869999766349792,0.9734513163566589,4
p3_spk50_clean_smp7500_lay192,50,clean,7500,192,0.8420000076293945,0.6869999766349792,0.9734513163566589,3
p3_spk50_noise_smp5000_lay128,50,noise,5000,128,0.8420000076293945,0.6869999766349792,0.9734513163566589,176
p3_spk50_noise_smp5000_lay128,50,noise,5000,128,0.7085000276565552,0.4180000126361847,1.4159291982650757,609
p3_spk50_noise_smp5000_lay192,50,noise,5000,192,0.7085000276565552,0.4180000126361847,1.4159291982650757,136
p3_spk50_noise_smp7500_lay128,50,noise,7500,128,0.7085000276565552,0.4180000126361847,1.4159291982650757,4
p3_spk50_noise_smp7500_lay192,50,noise,7500,192,0.7085000276565552,0.4180000126361847,1.4159291982650757,3
p3_spk100_clean_smp5000_lay128,100,clean,5000,128,0.7085000276565552,0.4180000126361847,1.4159291982650757,4
p3_spk100_clean_smp5000_lay192,100,clean,5000,192,0.7085000276565552,0.4180000126361847,1.4159291982650757,4
p3_spk100_clean_smp7500_lay128,100,clean,7500,128,0.7085000276565552,0.4180000126361847,1.4159291982650757,3
p3_spk100_clean_smp7500_lay192,100,clean,7500,192,0.7085000276565552,0.4180000126361847,1.4159291982650757,4
p3_spk100_noise_smp5000_lay128,100,noise,5000,128,0.8899999856948853,0.7820000052452087,1.0619468688964844,3
p3_spk50_noise_smp5000_lay192,50,noise,5000,192,0.8899999856948853,0.7820000052452087,1.0619468688964844,764
p3_spk50_noise_smp5000_lay192,50,noise,5000,192,0.890999972820282,0.7850000262260437,1.0619468688964844,766
p3_spk50_noise_smp5000_lay192,50,noise,5000,192,0.8899999856948853,0.7839999794960022,0.8849557638168335,401
p3_spk50_noise_smp7500_lay128,50,noise,7500,128,0.8899999856948853,0.7839999794960022,0.8849557638168335,2
p3_spk100_noise_smp5000_lay192,100,noise,5000,192,0.8324999809265137,0.671999990940094,3.6283185482025146,530
p3_spk100_noise_smp7500_lay128,100,noise,7500,128,0.8324999809265137,0.671999990940094,3.6283185482025146,78
p3_spk100_noise_smp7500_lay192,100,noise,7500,192,0.8324999809265137,0.671999990940094,3.6283185482025146,77
p3_spk150_clean_smp5000_lay128,150,clean,5000,128,0.8324999809265137,0.671999990940094,3.6283185482025146,63
p3_spk50_noise_smp7500_lay192,50,noise,7500,192,0.7886666655540466,0.5846666693687439,0.17699114978313446,669
p3_spk150_clean_smp5000_lay192,150,clean,5000,192,0.7886666655540466,0.5846666693687439,0.17699114978313446,48
p3_spk50_noise_smp7500_lay128,50,noise,7500,128,0.7196666598320007,0.4440000057220459,0.44247788190841675,841
p3_spk50_noise_smp7500_lay128,50,noise,7500,128,0.7229999899864197,0.4506666660308838,0.5309734344482422,853
p3_spk50_noise_smp7500_lay192,50,noise,7500,192,0.7879999876022339,0.5826666951179504,0.3539822995662689,441
p3_spk50_noise_smp7500_lay192,50,noise,7500,192,0.7979999780654907,0.6026666760444641,0.2654867172241211,444
p3_spk100_clean_smp5000_lay128,100,clean,5000,128,0.9384999871253967,0.8809999823570251,5.7522125244140625,613
p3_spk150_clean_smp7500_lay128,150,clean,7500,128,0.8646666407585144,0.7333333492279053,0.6194690465927124,691
p3_spk100_clean_smp5000_lay128,100,clean,5000,128,0.9334999918937683,0.8709999918937683,3.3628318309783936,427
p3_spk100_clean_smp5000_lay128,100,clean,5000,128,0.9210000038146973,0.8450000286102295,1.769911527633667,426
p3_spk100_clean_smp5000_lay192,100,clean,5000,192,0.9210000038146973,0.8450000286102295,1.769911527633667,189
p3_spk100_clean_smp7500_lay128,100,clean,7500,128,0.9210000038146973,0.8450000286102295,1.769911527633667,73
p3_spk100_clean_smp5000_lay192,100,clean,5000,192,0.8029999732971191,0.609000027179718,3.539823055267334,601
p3_spk100_clean_smp7500_lay128,100,clean,7500,128,0.8029999732971191,0.609000027179718,3.539823055267334,3
p3_spk100_clean_smp7500_lay192,100,clean,7500,192,0.8029999732971191,0.609000027179718,3.539823055267334,61
p3_spk100_noise_smp5000_lay128,100,noise,5000,128,0.8029999732971191,0.609000027179718,3.539823055267334,4
p3_spk100_clean_smp5000_lay192,100,clean,5000,192,0.7950000166893005,0.593999981880188,1.4159291982650757,451
p3_spk100_clean_smp7500_lay128,100,clean,7500,128,0.7950000166893005,0.593999981880188,1.4159291982650757,3
p3_spk100_clean_smp7500_lay192,100,clean,7500,192,0.7950000166893005,0.593999981880188,1.4159291982650757,3
p3_spk150_clean_smp7500_lay192,150,clean,7500,192,0.781333327293396,0.5640000104904175,0.17699114978313446,696
p3_spk100_noise_smp5000_lay192,100,noise,5000,192,0.781333327293396,0.5640000104904175,0.17699114978313446,203
p3_spk100_noise_smp7500_lay128,100,noise,7500,128,0.781333327293396,0.5640000104904175,0.17699114978313446,2
p3_spk100_noise_smp7500_lay192,100,noise,7500,192,0.781333327293396,0.5640000104904175,0.17699114978313446,2
p3_spk150_clean_smp5000_lay128,150,clean,5000,128,0.781333327293396,0.5640000104904175,0.17699114978313446,2
p3_spk150_clean_smp5000_lay192,150,clean,5000,192,0.781333327293396,0.5640000104904175,0.17699114978313446,2
p3_spk150_clean_smp7500_lay128,150,clean,7500,128,0.874666690826416,0.753333330154419,0.3539822995662689,450
p3_spk100_clean_smp7500_lay192,100,clean,7500,192,0.8016666769981384,0.6073333621025085,3.7168140411376953,807
p3_spk100_noise_smp5000_lay128,100,noise,5000,128,0.7574999928474426,0.5270000100135803,2.2123894691467285,642
p3_spk150_noise_smp5000_lay128,150,noise,5000,128,0.703499972820282,0.40799999237060547,0.8849557638168335,635
p3_spk150_clean_smp7500_lay192,150,clean,7500,192,0.7796666622161865,0.5619999766349792,0.08849557489156723,454
p3_spk100_noise_smp5000_lay128,100,noise,5000,128,0.765500009059906,0.5490000247955322,2.4778761863708496,459
p3_spk100_noise_smp5000_lay192,100,noise,5000,192,0.8255000114440918,0.6589999794960022,3.3628318309783936,458
p3_spk100_noise_smp7500_lay128,100,noise,7500,128,0.8255000114440918,0.6589999794960022,3.3628318309783936,3
p3_spk100_noise_smp7500_lay192,100,noise,7500,192,0.8255000114440918,0.6589999794960022,3.3628318309783936,3
p3_spk150_clean_smp5000_lay128,150,clean,5000,128,0.8255000114440918,0.6589999794960022,3.3628318309783936,4
p3_spk150_clean_smp5000_lay192,150,clean,5000,192,0.8255000114440918,0.6589999794960022,3.3628318309783936,3
p3_spk150_noise_smp5000_lay192,150,noise,5000,192,0.8125,0.6370000243186951,0.08849557489156723,622
p3_spk150_noise_smp5000_lay128,150,noise,5000,128,0.7110000252723694,0.4230000078678131,1.2389380931854248,434
p3_spk100_noise_smp5000_lay192,100,noise,5000,192,0.828000009059906,0.6620000004768372,2.5663716793060303,434
p3_spk100_noise_smp7500_lay128,100,noise,7500,128,0.828000009059906,0.6620000004768372,2.5663716793060303,3
p3_spk100_noise_smp7500_lay192,100,noise,7500,192,0.828000009059906,0.6620000004768372,2.5663716793060303,3
p3_spk150_clean_smp5000_lay128,150,clean,5000,128,0.828000009059906,0.6620000004768372,2.5663716793060303,3
p3_spk150_clean_smp5000_lay192,150,clean,5000,192,0.828000009059906,0.6620000004768372,2.5663716793060303,4
p3_spk150_clean_smp7500_lay128,150,clean,7500,128,0.8539999723434448,0.7126666903495789,0.2654867172241211,430
p3_spk150_noise_smp5000_lay192,150,noise,5000,192,0.8059999942779541,0.6299999952316284,0.17699114978313446,453
p3_spk150_noise_smp7500_lay128,150,noise,7500,128,0.7316666841506958,0.476666659116745,4.690265655517578,721
p3_spk150_clean_smp7500_lay128,150,clean,7500,128,0.8600000143051147,0.7253333330154419,0.3539822995662689,470
p3_spk150_clean_smp7500_lay192,150,clean,7500,192,0.777999997138977,0.5573333501815796,0.08849557489156723,464
p3_spk150_noise_smp7500_lay128,150,noise,7500,128,0.734666645526886,0.4819999933242798,2.4778761863708496,441
p3_spk150_clean_smp7500_lay192,150,clean,7500,192,0.7680000066757202,0.5379999876022339,0.08849557489156723,452
p3_spk150_noise_smp5000_lay128,150,noise,5000,128,0.7099999785423279,0.42100000381469727,1.0619468688964844,452
p3_spk150_noise_smp7500_lay192,150,noise,7500,192,0.8569999933242798,0.718666672706604,1.9469026327133179,710
p3_spk150_noise_smp7500_lay192,150,noise,7500,192,0.8576666712760925,0.7193333506584167,1.8584070205688477,443
p3_spk200_clean_smp5000_lay128,200,clean,5000,128,0.8576666712760925,0.7193333506584167,1.8584070205688477,3
p3_spk150_noise_smp5000_lay128,150,noise,5000,128,0.7020000219345093,0.4050000011920929,0.7964601516723633,430
p3_spk150_noise_smp5000_lay192,150,noise,5000,192,0.8065000176429749,0.6209999918937683,0.17699114978313446,425
p3_spk200_clean_smp5000_lay128,200,clean,5000,128,0.9355000257492065,0.8769999742507935,5.663716793060303,629
p3_spk150_noise_smp5000_lay192,150,noise,5000,192,0.8090000152587891,0.6349999904632568,0.2654867172241211,464
p3_spk150_noise_smp7500_lay128,150,noise,7500,128,0.7440000176429749,0.5019999742507935,1.9469026327133179,464
p3_spk200_clean_smp5000_lay192,200,clean,5000,192,0.8669999837875366,0.7390000224113464,0.44247788190841675,625
p3_spk200_clean_smp5000_lay192,200,clean,5000,192,0.8679999709129333,0.7379999756813049,0.3539822995662689,455
p3_spk150_noise_smp7500_lay128,150,noise,7500,128,0.753000020980835,0.5180000066757202,3.3628318309783936,459
p3_spk150_noise_smp7500_lay192,150,noise,7500,192,0.8510000109672546,0.7046666741371155,3.805309772491455,461
p3_spk200_clean_smp7500_lay128,200,clean,7500,128,0.8943333625793457,0.7946666479110718,19.9115047454834,710
p3_spk200_clean_smp7500_lay128,200,clean,7500,128,0.9003333449363708,0.8113333582878113,4.159292221069336,452
p3_spk200_clean_smp7500_lay192,200,clean,7500,192,0.9003333449363708,0.8113333582878113,4.159292221069336,3
p3_spk150_noise_smp7500_lay192,150,noise,7500,192,0.934499979019165,0.8759999871253967,5.22123908996582,452
p3_spk200_clean_smp5000_lay128,200,clean,5000,128,0.934499979019165,0.8759999871253967,5.22123908996582,448
p3_spk200_noise_smp5000_lay128,200,noise,5000,128,0.934499979019165,0.8759999871253967,5.22123908996582,179
p3_spk200_clean_smp5000_lay192,200,clean,5000,192,0.8734999895095825,0.7549999952316284,0.7079645991325378,429
p3_spk200_clean_smp5000_lay128,200,clean,5000,128,0.9350000023841858,0.875,3.805309772491455,434
p3_spk200_clean_smp7500_lay192,200,clean,7500,192,0.8106666803359985,0.6286666393280029,0.0,684
p3_spk200_noise_smp5000_lay192,200,noise,5000,192,0.7315000295639038,0.4659999907016754,2.654867172241211,619
p3_spk200_clean_smp7500_lay128,200,clean,7500,128,0.8700000047683716,0.7440000176429749,0.7079645991325378,453
p3_spk200_clean_smp5000_lay192,200,clean,5000,192,0.8700000047683716,0.7440000176429749,0.7079645991325378,451
p3_spk200_noise_smp5000_lay128,200,noise,5000,128,0.7325000166893005,0.4659999907016754,2.4778761863708496,425
p3_spk200_clean_smp7500_lay192,200,clean,7500,192,0.8933333158493042,0.7960000038146973,15.486725807189941,450
p3_spk200_clean_smp7500_lay128,200,clean,7500,128,0.8933333158493042,0.7960000038146973,15.486725807189941,449
p3_spk200_noise_smp5000_lay192,200,noise,5000,192,0.7275000214576721,0.4569999873638153,3.008849620819092,460
p3_spk200_noise_smp7500_lay128,200,noise,7500,128,0.8209999799728394,0.6433333158493042,0.9734513163566589,706
p3_spk200_noise_smp5000_lay128,200,noise,5000,128,0.8209999799728394,0.6493333578109741,0.0,437
p3_spk200_clean_smp7500_lay192,200,clean,7500,192,0.8209999799728394,0.6493333578109741,0.0,438
p3_spk200_noise_smp7500_lay128,200,noise,7500,128,0.8186666369438171,0.6393333077430725,1.3274335861206055,438
p3_spk200_noise_smp7500_lay192,200,noise,7500,192,0.8113333582878113,0.625333309173584,2.2123894691467285,721

# Completed: Mon Jan 26 12:36:37 AM GMT 2026
p3_spk200_noise_smp5000_lay192,200,noise,5000,192,0.7350000143051147,0.47099998593330383,1.3274335861206055,464
p3_spk200_noise_smp5000_lay128,200,noise,5000,128,0.7350000143051147,0.47099998593330383,1.3274335861206055,464
p3_spk200_noise_smp7500_lay192,200,noise,7500,192,0.8009999990463257,0.6039999723434448,2.1238937377929688,437

# Completed: Mon Jan 26 12:38:24 AM GMT 2026
p3_spk200_noise_smp7500_lay128,200,noise,7500,128,0.737500011920929,0.4790000021457672,5.840707778930664,370
p3_spk200_noise_smp5000_lay192,200,noise,5000,192,0.737500011920929,0.4790000021457672,5.840707778930664,369
p3_spk200_noise_smp7500_lay128,200,noise,7500,128,0.8136666417121887,0.6299999952316284,2.2123894691467285,360
p3_spk200_noise_smp7500_lay192,200,noise,7500,192,0.8136666417121887,0.6299999952316284,2.2123894691467285,361

# Completed: Mon Jan 26 12:49:13 AM GMT 2026
p3_spk200_noise_smp7500_lay192,200,noise,7500,192,0.8119999766349792,0.6259999871253967,2.5663716793060303,287

# Completed: Mon Jan 26 12:54:00 AM GMT 2026
